{"contracts/Box.sol":{"l":{"10":0,"11":0,"15":0},"path":"/Users/vu.nguyen/Documents/dappuniversity/learn-dapp-starter/contracts/Box.sol","s":{"1":0,"2":0,"3":0},"b":{},"f":{"1":0,"2":0},"fnMap":{"1":{"name":"store","line":9,"loc":{"start":{"line":9,"column":2},"end":{"line":12,"column":2}}},"2":{"name":"retrieve","line":14,"loc":{"start":{"line":14,"column":2},"end":{"line":16,"column":2}}}},"statementMap":{"1":{"start":{"line":10,"column":4},"end":{"line":10,"column":17}},"2":{"start":{"line":11,"column":4},"end":{"line":11,"column":28}},"3":{"start":{"line":15,"column":4},"end":{"line":15,"column":17}}},"branchMap":{}},"contracts/BoxV2.sol":{"l":{"10":0,"11":0,"15":0,"19":0,"20":0},"path":"/Users/vu.nguyen/Documents/dappuniversity/learn-dapp-starter/contracts/BoxV2.sol","s":{"1":0,"2":0,"3":0,"4":0,"5":0},"b":{},"f":{"1":0,"2":0,"3":0},"fnMap":{"1":{"name":"store","line":9,"loc":{"start":{"line":9,"column":2},"end":{"line":12,"column":2}}},"2":{"name":"retrieve","line":14,"loc":{"start":{"line":14,"column":2},"end":{"line":16,"column":2}}},"3":{"name":"increment","line":18,"loc":{"start":{"line":18,"column":2},"end":{"line":21,"column":2}}}},"statementMap":{"1":{"start":{"line":10,"column":4},"end":{"line":10,"column":17}},"2":{"start":{"line":11,"column":4},"end":{"line":11,"column":28}},"3":{"start":{"line":15,"column":4},"end":{"line":15,"column":17}},"4":{"start":{"line":19,"column":4},"end":{"line":19,"column":14}},"5":{"start":{"line":20,"column":4},"end":{"line":20,"column":29}}},"branchMap":{}},"contracts/Greeter.sol":{"l":{"10":3,"11":3,"15":2,"19":1,"20":1},"path":"/Users/vu.nguyen/Documents/dappuniversity/learn-dapp-starter/contracts/Greeter.sol","s":{"1":3,"2":3,"3":2,"4":1,"5":1},"b":{},"f":{"1":3,"2":2,"3":1},"fnMap":{"1":{"name":"constructor","line":9,"loc":{"start":{"line":9,"column":4},"end":{"line":12,"column":4}}},"2":{"name":"greet","line":14,"loc":{"start":{"line":14,"column":4},"end":{"line":16,"column":4}}},"3":{"name":"setGreeting","line":18,"loc":{"start":{"line":18,"column":4},"end":{"line":21,"column":4}}}},"statementMap":{"1":{"start":{"line":10,"column":8},"end":{"line":10,"column":67}},"2":{"start":{"line":11,"column":8},"end":{"line":11,"column":27}},"3":{"start":{"line":15,"column":8},"end":{"line":15,"column":23}},"4":{"start":{"line":19,"column":8},"end":{"line":19,"column":78}},"5":{"start":{"line":20,"column":8},"end":{"line":20,"column":27}}},"branchMap":{}},"contracts/ITManToken.sol":{"l":{"12":12,"13":12,"14":12,"15":12,"17":12,"21":0,"25":0,"29":0,"33":12},"path":"/Users/vu.nguyen/Documents/dappuniversity/learn-dapp-starter/contracts/ITManToken.sol","s":{"1":12,"2":12,"3":12,"4":12,"5":12,"6":0,"7":0,"8":0,"9":12},"b":{},"f":{"1":12,"2":0,"3":0,"4":0,"5":12,"6":0},"fnMap":{"1":{"name":"initialize","line":11,"loc":{"start":{"line":11,"column":2},"end":{"line":18,"column":2}}},"2":{"name":"pause","line":20,"loc":{"start":{"line":20,"column":2},"end":{"line":22,"column":2}}},"3":{"name":"unpause","line":24,"loc":{"start":{"line":24,"column":2},"end":{"line":26,"column":2}}},"4":{"name":"mint","line":28,"loc":{"start":{"line":28,"column":2},"end":{"line":30,"column":2}}},"5":{"name":"_beforeTokenTransfer","line":32,"loc":{"start":{"line":32,"column":2},"end":{"line":34,"column":2}}},"6":{"name":"_authorizeUpgrade","line":36,"loc":{"start":{"line":36,"column":2},"end":{"line":36,"column":85}}}},"statementMap":{"1":{"start":{"line":12,"column":4},"end":{"line":12,"column":36}},"2":{"start":{"line":13,"column":4},"end":{"line":13,"column":20}},"3":{"start":{"line":14,"column":4},"end":{"line":14,"column":19}},"4":{"start":{"line":15,"column":4},"end":{"line":15,"column":27}},"5":{"start":{"line":17,"column":4},"end":{"line":17,"column":48}},"6":{"start":{"line":21,"column":4},"end":{"line":21,"column":11}},"7":{"start":{"line":25,"column":4},"end":{"line":25,"column":13}},"8":{"start":{"line":29,"column":4},"end":{"line":29,"column":20}},"9":{"start":{"line":33,"column":4},"end":{"line":33,"column":47}}},"branchMap":{}}}